Build started 9/26/2015 1:57:45 PM.
     1>Project "c:\Users\Jacob\documents\visual studio 2013\Projects\letsTrytoDebug\letsTrytoDebug\letsTrytoDebug.vcxproj" on node 2 (Build target(s)).
     1>ClCompile:
         C:\Program Files (x86)\Microsoft Visual Studio 12.0\VC\bin\CL.exe /c /ZI /nologo /W3 /WX- /sdl /Od /Oy- /D _MBCS /Gm /EHsc /RTC1 /MDd /GS /fp:precise /Zc:wchar_t /Zc:forScope /Fo"Debug\\" /Fd"Debug\vc120.pdb" /Gd /TP /analyze- /errorReport:prompt main.cpp
         main.cpp
     1>c:\users\jacob\documents\visual studio 2013\projects\letstrytodebug\letstrytodebug\queuearray.h(272): error C2662: 'coords QueueArray<coords>::pop(void)' : cannot convert 'this' pointer from 'const QueueArray<coords>' to 'QueueArray<coords> &'
                 Conversion loses qualifiers
                 c:\users\jacob\documents\visual studio 2013\projects\letstrytodebug\letstrytodebug\queuearray.h(265) : while compiling class template member function 'QueueArray<coords> &QueueArray<coords>::operator =(QueueArray<coords>)'
                 c:\users\jacob\documents\visual studio 2013\projects\letstrytodebug\letstrytodebug\main.cpp(161) : see reference to function template instantiation 'QueueArray<coords> &QueueArray<coords>::operator =(QueueArray<coords>)' being compiled
                 c:\users\jacob\documents\visual studio 2013\projects\letstrytodebug\letstrytodebug\main.cpp(26) : see reference to class template instantiation 'QueueArray<coords>' being compiled
     1>Done Building Project "c:\Users\Jacob\documents\visual studio 2013\Projects\letsTrytoDebug\letsTrytoDebug\letsTrytoDebug.vcxproj" (Build target(s)) -- FAILED.

Build FAILED.

Time Elapsed 00:00:00.67
